This file contains any messages produced by compilers while
running configure, to aid debugging if configure makes a mistake.

It was created by configure, which was
generated by GNU Autoconf 2.67.  Invocation command line was

  $ ./configure 

## --------- ##
## Platform. ##
## --------- ##

hostname = c-223-60.eduroam.liu.se
uname -m = x86_64
uname -r = 14.5.0
uname -s = Darwin
uname -v = Darwin Kernel Version 14.5.0: Wed Jul 29 02:26:53 PDT 2015; root:xnu-2782.40.9~1/RELEASE_X86_64

/usr/bin/uname -p = i386
/bin/uname -X     = unknown

/bin/arch              = unknown
/usr/bin/arch -k       = unknown
/usr/convex/getsysinfo = unknown
/usr/bin/hostinfo      = Mach kernel version:
	 Darwin Kernel Version 14.5.0: Wed Jul 29 02:26:53 PDT 2015; root:xnu-2782.40.9~1/RELEASE_X86_64
Kernel configured for up to 8 processors.
4 processors are physically available.
8 processors are logically available.
Processor type: i486 (Intel 80486)
Processors active: 0 1 2 3 4 5 6 7
Primary memory available: 16.00 gigabytes
Default processor set: 270 tasks, 1514 threads, 8 processors
Load average: 2.19, Mach factor: 5.79
/bin/machine           = unknown
/usr/bin/oslevel       = unknown
/bin/universe          = unknown

PATH: /Library/Frameworks/Python.framework/Versions/3.4/bin
PATH: /Applications/Postgres.app/Contents/Versions/9.3/bin
PATH: /usr/local/bin
PATH: /usr/bin
PATH: /bin
PATH: /usr/sbin
PATH: /sbin
PATH: /usr/local/sbin


## ----------- ##
## Core tests. ##
## ----------- ##

configure:2535: checking build system type
configure:2549: result: x86_64-apple-darwin14.5.0
configure:2569: checking host system type
configure:2582: result: x86_64-apple-darwin14.5.0
configure:2602: checking target system type
configure:2615: result: x86_64-apple-darwin14.5.0
configure:2809: checking for gcc
configure:2825: found /usr/bin/gcc
configure:2836: result: gcc
configure:3065: checking for C compiler version
configure:3074: gcc --version >&5
Apple LLVM version 7.0.0 (clang-700.1.76)
Target: x86_64-apple-darwin14.5.0
Thread model: posix
Configured with: --prefix=/Applications/Xcode.app/Contents/Developer/usr --with-gxx-include-dir=/usr/include/c++/4.2.1
configure:3085: $? = 0
configure:3074: gcc -v >&5
Configured with: --prefix=/Applications/Xcode.app/Contents/Developer/usr --with-gxx-include-dir=/usr/include/c++/4.2.1
Apple LLVM version 7.0.0 (clang-700.1.76)
Target: x86_64-apple-darwin14.5.0
Thread model: posix
configure:3085: $? = 0
configure:3074: gcc -V >&5
clang: error: argument to '-V' is missing (expected 1 value)
clang: error: no input files
configure:3085: $? = 1
configure:3074: gcc -qversion >&5
clang: error: unknown argument: '-qversion'
clang: error: no input files
configure:3085: $? = 1
configure:3105: checking whether the C compiler works
configure:3127: gcc    conftest.c  >&5
configure:3131: $? = 0
configure:3179: result: yes
configure:3182: checking for C compiler default output file name
configure:3184: result: a.out
configure:3190: checking for suffix of executables
configure:3197: gcc -o conftest    conftest.c  >&5
configure:3201: $? = 0
configure:3223: result: 
configure:3245: checking whether we are cross compiling
configure:3253: gcc -o conftest    conftest.c  >&5
configure:3257: $? = 0
configure:3264: ./conftest
configure:3268: $? = 0
configure:3283: result: no
configure:3288: checking for suffix of object files
configure:3310: gcc -c   conftest.c >&5
configure:3314: $? = 0
configure:3335: result: o
configure:3339: checking whether we are using the GNU C compiler
configure:3358: gcc -c   conftest.c >&5
configure:3358: $? = 0
configure:3367: result: yes
configure:3376: checking whether gcc accepts -g
configure:3396: gcc -c -g  conftest.c >&5
configure:3396: $? = 0
configure:3437: result: yes
configure:3454: checking for gcc option to accept ISO C89
configure:3518: gcc  -c -g -O2  conftest.c >&5
configure:3518: $? = 0
configure:3531: result: none needed
configure:3879: checking for a sed that does not truncate output
configure:3943: result: /usr/bin/sed
configure:3961: checking for grep that handles long lines and -e
configure:4019: result: /usr/bin/grep
configure:4024: checking for egrep
configure:4086: result: /usr/bin/grep -E
configure:4091: checking for fgrep
configure:4153: result: /usr/bin/grep -F
configure:4188: checking for ld used by gcc
configure:4255: result: /Applications/Xcode.app/Contents/Developer/Toolchains/XcodeDefault.xctoolchain/usr/bin/ld
configure:4262: checking if the linker (/Applications/Xcode.app/Contents/Developer/Toolchains/XcodeDefault.xctoolchain/usr/bin/ld) is GNU ld
configure:4277: result: no
configure:4289: checking for BSD- or MS-compatible name lister (nm)
configure:4338: result: /usr/bin/nm
configure:4456: checking the name lister (/usr/bin/nm) interface
configure:4463: gcc -c -g -O2  conftest.c >&5
configure:4466: /usr/bin/nm "conftest.o"
configure:4469: output
0000000000000230 S _some_variable
configure:4476: result: BSD nm
configure:4479: checking whether ln -s works
configure:4483: result: yes
configure:4491: checking the maximum length of command line arguments
configure:4611: result: 196608
configure:4628: checking whether the shell understands some XSI constructs
configure:4638: result: yes
configure:4642: checking whether the shell understands "+="
configure:4648: result: yes
configure:4683: checking for /Applications/Xcode.app/Contents/Developer/Toolchains/XcodeDefault.xctoolchain/usr/bin/ld option to reload object files
configure:4690: result: -r
configure:4759: checking for objdump
configure:4786: result: objdump
configure:4815: checking how to recognize dependent libraries
configure:5011: result: pass_all
configure:5071: checking for ar
configure:5087: found /usr/bin/ar
configure:5098: result: ar
configure:5176: checking for strip
configure:5192: found /usr/bin/strip
configure:5203: result: strip
configure:5275: checking for ranlib
configure:5291: found /usr/bin/ranlib
configure:5302: result: ranlib
configure:5392: checking command to parse /usr/bin/nm output from gcc object
configure:5510: gcc -c -g -O2  conftest.c >&5
configure:5513: $? = 0
configure:5517: /usr/bin/nm conftest.o \| sed -n -e 's/^.*[	 ]\([BCDEGRST][BCDEGRST]*\)[	 ][	 ]*\([_A-Za-z][_A-Za-z0-9]*\)$/\1 \2 \2/p' \> conftest.nm
configure:5520: $? = 0
cannot find nm_test_var in conftest.nm
configure:5510: gcc -c -g -O2  conftest.c >&5
configure:5513: $? = 0
configure:5517: /usr/bin/nm conftest.o \| sed -n -e 's/^.*[	 ]\([BCDEGRST][BCDEGRST]*\)[	 ][	 ]*_\([_A-Za-z][_A-Za-z0-9]*\)$/\1 _\2 \2/p' \> conftest.nm
configure:5520: $? = 0
configure:5574: gcc -o conftest -g -O2   conftest.c conftstm.o >&5
warning: (x86_64)  could not find object file symbol for symbol _main
configure:5577: $? = 0
configure:5615: result: ok
configure:5880: checking for dsymutil
configure:5896: found /usr/bin/dsymutil
configure:5907: result: dsymutil
configure:5972: checking for nmedit
configure:5988: found /usr/bin/nmedit
configure:5999: result: nmedit
configure:6064: checking for lipo
configure:6080: found /usr/bin/lipo
configure:6091: result: lipo
configure:6156: checking for otool
configure:6172: found /usr/bin/otool
configure:6183: result: otool
configure:6248: checking for otool64
configure:6278: result: no
configure:6323: checking for -single_module linker flag
gcc -g -O2  -o libconftest.dylib -dynamiclib -Wl,-single_module conftest.c
configure:6350: result: yes
configure:6352: checking for -exported_symbols_list linker flag
configure:6372: gcc -o conftest -g -O2   -Wl,-exported_symbols_list,conftest.sym conftest.c  >&5
configure:6372: $? = 0
configure:6382: result: yes
configure:6424: checking how to run the C preprocessor
configure:6455: gcc -E  conftest.c
configure:6455: $? = 0
configure:6469: gcc -E  conftest.c
conftest.c:9:10: fatal error: 'ac_nonexistent.h' file not found
#include <ac_nonexistent.h>
         ^
1 error generated.
configure:6469: $? = 1
configure: failed program was:
| /* confdefs.h */
| #define PACKAGE_NAME ""
| #define PACKAGE_TARNAME ""
| #define PACKAGE_VERSION ""
| #define PACKAGE_STRING ""
| #define PACKAGE_BUGREPORT ""
| #define PACKAGE_URL ""
| /* end confdefs.h.  */
| #include <ac_nonexistent.h>
configure:6494: result: gcc -E
configure:6514: gcc -E  conftest.c
configure:6514: $? = 0
configure:6528: gcc -E  conftest.c
conftest.c:9:10: fatal error: 'ac_nonexistent.h' file not found
#include <ac_nonexistent.h>
         ^
1 error generated.
configure:6528: $? = 1
configure: failed program was:
| /* confdefs.h */
| #define PACKAGE_NAME ""
| #define PACKAGE_TARNAME ""
| #define PACKAGE_VERSION ""
| #define PACKAGE_STRING ""
| #define PACKAGE_BUGREPORT ""
| #define PACKAGE_URL ""
| /* end confdefs.h.  */
| #include <ac_nonexistent.h>
configure:6557: checking for ANSI C header files
configure:6577: gcc -c -g -O2  conftest.c >&5
configure:6577: $? = 0
configure:6650: gcc -o conftest -g -O2   conftest.c  >&5
configure:6650: $? = 0
configure:6650: ./conftest
configure:6650: $? = 0
configure:6661: result: yes
configure:6674: checking for sys/types.h
configure:6674: gcc -c -g -O2  conftest.c >&5
configure:6674: $? = 0
configure:6674: result: yes
configure:6674: checking for sys/stat.h
configure:6674: gcc -c -g -O2  conftest.c >&5
configure:6674: $? = 0
configure:6674: result: yes
configure:6674: checking for stdlib.h
configure:6674: gcc -c -g -O2  conftest.c >&5
configure:6674: $? = 0
configure:6674: result: yes
configure:6674: checking for string.h
configure:6674: gcc -c -g -O2  conftest.c >&5
configure:6674: $? = 0
configure:6674: result: yes
configure:6674: checking for memory.h
configure:6674: gcc -c -g -O2  conftest.c >&5
configure:6674: $? = 0
configure:6674: result: yes
configure:6674: checking for strings.h
configure:6674: gcc -c -g -O2  conftest.c >&5
configure:6674: $? = 0
configure:6674: result: yes
configure:6674: checking for inttypes.h
configure:6674: gcc -c -g -O2  conftest.c >&5
configure:6674: $? = 0
configure:6674: result: yes
configure:6674: checking for stdint.h
configure:6674: gcc -c -g -O2  conftest.c >&5
configure:6674: $? = 0
configure:6674: result: yes
configure:6674: checking for unistd.h
configure:6674: gcc -c -g -O2  conftest.c >&5
configure:6674: $? = 0
configure:6674: result: yes
configure:6688: checking for dlfcn.h
configure:6688: gcc -c -g -O2  conftest.c >&5
configure:6688: $? = 0
configure:6688: result: yes
configure:6870: checking for objdir
configure:6885: result: .libs
configure:7177: checking if gcc supports -fno-rtti -fno-exceptions
configure:7195: gcc -c -g -O2  -fno-rtti -fno-exceptions conftest.c >&5
configure:7199: $? = 0
configure:7212: result: yes
configure:7232: checking for gcc option to produce PIC
configure:7504: result: -fno-common -DPIC
configure:7516: checking if gcc PIC flag -fno-common -DPIC works
configure:7534: gcc -c -g -O2  -fno-common -DPIC -DPIC conftest.c >&5
configure:7538: $? = 0
configure:7551: result: yes
configure:7575: checking if gcc static flag -static works
configure:7603: result: no
configure:7618: checking if gcc supports -c -o file.o
configure:7639: gcc -c -g -O2  -o out/conftest2.o conftest.c >&5
configure:7643: $? = 0
configure:7665: result: yes
configure:7673: checking if gcc supports -c -o file.o
configure:7720: result: yes
configure:7753: checking whether the gcc linker (/Applications/Xcode.app/Contents/Developer/Toolchains/XcodeDefault.xctoolchain/usr/bin/ld) supports shared libraries
configure:8744: result: yes
configure:8983: checking dynamic linker characteristics
configure:9646: result: darwin14.5.0 dyld
configure:9748: checking how to hardcode library paths into programs
configure:9773: result: immediate
configure:10293: checking whether stripping libraries is possible
configure:10307: result: yes
configure:10333: checking if libtool supports shared libraries
configure:10335: result: yes
configure:10338: checking whether to build shared libraries
configure:10359: result: yes
configure:10362: checking whether to build static libraries
configure:10366: result: yes
configure:10415: checking for a BSD-compatible install
configure:10483: result: /usr/bin/install -c
configure:10494: checking whether ln -s works
configure:10498: result: yes
configure:10507: checking for ar
configure:10525: found /usr/bin/ar
configure:10538: result: /usr/bin/ar
configure:10550: checking whether byte ordering is bigendian
configure:10565: gcc -c -g -O2  conftest.c >&5
configure:10565: $? = 0
configure:10610: gcc -c -g -O2  conftest.c >&5
configure:10610: $? = 0
configure:10628: gcc -c -g -O2  conftest.c >&5
conftest.c:28:4: error: use of undeclared identifier 'not'
                 not big endian
                 ^
1 error generated.
configure:10628: $? = 1
configure: failed program was:
| /* confdefs.h */
| #define PACKAGE_NAME ""
| #define PACKAGE_TARNAME ""
| #define PACKAGE_VERSION ""
| #define PACKAGE_STRING ""
| #define PACKAGE_BUGREPORT ""
| #define PACKAGE_URL ""
| #define STDC_HEADERS 1
| #define HAVE_SYS_TYPES_H 1
| #define HAVE_SYS_STAT_H 1
| #define HAVE_STDLIB_H 1
| #define HAVE_STRING_H 1
| #define HAVE_MEMORY_H 1
| #define HAVE_STRINGS_H 1
| #define HAVE_INTTYPES_H 1
| #define HAVE_STDINT_H 1
| #define HAVE_UNISTD_H 1
| #define HAVE_DLFCN_H 1
| #define LT_OBJDIR ".libs/"
| /* end confdefs.h.  */
| #include <sys/types.h>
| 		#include <sys/param.h>
| 
| int
| main ()
| {
| #if BYTE_ORDER != BIG_ENDIAN
| 		 not big endian
| 		#endif
| 
|   ;
|   return 0;
| }
configure:10756: result: no
configure:10778: checking for snd_pcm_open in -lasound
configure:10803: gcc -o conftest -g -O2   conftest.c -lasound   >&5
ld: library not found for -lasound
clang: error: linker command failed with exit code 1 (use -v to see invocation)
configure:10803: $? = 1
configure: failed program was:
| /* confdefs.h */
| #define PACKAGE_NAME ""
| #define PACKAGE_TARNAME ""
| #define PACKAGE_VERSION ""
| #define PACKAGE_STRING ""
| #define PACKAGE_BUGREPORT ""
| #define PACKAGE_URL ""
| #define STDC_HEADERS 1
| #define HAVE_SYS_TYPES_H 1
| #define HAVE_SYS_STAT_H 1
| #define HAVE_STDLIB_H 1
| #define HAVE_STRING_H 1
| #define HAVE_MEMORY_H 1
| #define HAVE_STRINGS_H 1
| #define HAVE_INTTYPES_H 1
| #define HAVE_STDINT_H 1
| #define HAVE_UNISTD_H 1
| #define HAVE_DLFCN_H 1
| #define LT_OBJDIR ".libs/"
| /* end confdefs.h.  */
| 
| /* Override any GCC internal prototype to avoid an error.
|    Use char because int might match the return type of a GCC
|    builtin and then its argument prototype would still apply.  */
| #ifdef __cplusplus
| extern "C"
| #endif
| char snd_pcm_open ();
| int
| main ()
| {
| return snd_pcm_open ();
|   ;
|   return 0;
| }
configure:10812: result: no
configure:10823: checking for HPI_SubSysCreate in -lhpi
configure:10848: gcc -o conftest -g -O2   conftest.c -lhpi -lm  >&5
ld: library not found for -lhpi
clang: error: linker command failed with exit code 1 (use -v to see invocation)
configure:10848: $? = 1
configure: failed program was:
| /* confdefs.h */
| #define PACKAGE_NAME ""
| #define PACKAGE_TARNAME ""
| #define PACKAGE_VERSION ""
| #define PACKAGE_STRING ""
| #define PACKAGE_BUGREPORT ""
| #define PACKAGE_URL ""
| #define STDC_HEADERS 1
| #define HAVE_SYS_TYPES_H 1
| #define HAVE_SYS_STAT_H 1
| #define HAVE_STDLIB_H 1
| #define HAVE_STRING_H 1
| #define HAVE_MEMORY_H 1
| #define HAVE_STRINGS_H 1
| #define HAVE_INTTYPES_H 1
| #define HAVE_STDINT_H 1
| #define HAVE_UNISTD_H 1
| #define HAVE_DLFCN_H 1
| #define LT_OBJDIR ".libs/"
| /* end confdefs.h.  */
| 
| /* Override any GCC internal prototype to avoid an error.
|    Use char because int might match the return type of a GCC
|    builtin and then its argument prototype would still apply.  */
| #ifdef __cplusplus
| extern "C"
| #endif
| char HPI_SubSysCreate ();
| int
| main ()
| {
| return HPI_SubSysCreate ();
|   ;
|   return 0;
| }
configure:10857: result: no
configure:10872: checking sys/soundcard.h usability
configure:10872: gcc -c -g -O2  conftest.c >&5
conftest.c:54:10: fatal error: 'sys/soundcard.h' file not found
#include <sys/soundcard.h>
         ^
1 error generated.
configure:10872: $? = 1
configure: failed program was:
| /* confdefs.h */
| #define PACKAGE_NAME ""
| #define PACKAGE_TARNAME ""
| #define PACKAGE_VERSION ""
| #define PACKAGE_STRING ""
| #define PACKAGE_BUGREPORT ""
| #define PACKAGE_URL ""
| #define STDC_HEADERS 1
| #define HAVE_SYS_TYPES_H 1
| #define HAVE_SYS_STAT_H 1
| #define HAVE_STDLIB_H 1
| #define HAVE_STRING_H 1
| #define HAVE_MEMORY_H 1
| #define HAVE_STRINGS_H 1
| #define HAVE_INTTYPES_H 1
| #define HAVE_STDINT_H 1
| #define HAVE_UNISTD_H 1
| #define HAVE_DLFCN_H 1
| #define LT_OBJDIR ".libs/"
| /* end confdefs.h.  */
| #include <stdio.h>
| #ifdef HAVE_SYS_TYPES_H
| # include <sys/types.h>
| #endif
| #ifdef HAVE_SYS_STAT_H
| # include <sys/stat.h>
| #endif
| #ifdef STDC_HEADERS
| # include <stdlib.h>
| # include <stddef.h>
| #else
| # ifdef HAVE_STDLIB_H
| #  include <stdlib.h>
| # endif
| #endif
| #ifdef HAVE_STRING_H
| # if !defined STDC_HEADERS && defined HAVE_MEMORY_H
| #  include <memory.h>
| # endif
| # include <string.h>
| #endif
| #ifdef HAVE_STRINGS_H
| # include <strings.h>
| #endif
| #ifdef HAVE_INTTYPES_H
| # include <inttypes.h>
| #endif
| #ifdef HAVE_STDINT_H
| # include <stdint.h>
| #endif
| #ifdef HAVE_UNISTD_H
| # include <unistd.h>
| #endif
| #include <sys/soundcard.h>
configure:10872: result: no
configure:10872: checking sys/soundcard.h presence
configure:10872: gcc -E  conftest.c
conftest.c:21:10: fatal error: 'sys/soundcard.h' file not found
#include <sys/soundcard.h>
         ^
1 error generated.
configure:10872: $? = 1
configure: failed program was:
| /* confdefs.h */
| #define PACKAGE_NAME ""
| #define PACKAGE_TARNAME ""
| #define PACKAGE_VERSION ""
| #define PACKAGE_STRING ""
| #define PACKAGE_BUGREPORT ""
| #define PACKAGE_URL ""
| #define STDC_HEADERS 1
| #define HAVE_SYS_TYPES_H 1
| #define HAVE_SYS_STAT_H 1
| #define HAVE_STDLIB_H 1
| #define HAVE_STRING_H 1
| #define HAVE_MEMORY_H 1
| #define HAVE_STRINGS_H 1
| #define HAVE_INTTYPES_H 1
| #define HAVE_STDINT_H 1
| #define HAVE_UNISTD_H 1
| #define HAVE_DLFCN_H 1
| #define LT_OBJDIR ".libs/"
| /* end confdefs.h.  */
| #include <sys/soundcard.h>
configure:10872: result: no
configure:10872: checking for sys/soundcard.h
configure:10872: result: no
configure:10872: checking linux/soundcard.h usability
configure:10872: gcc -c -g -O2  conftest.c >&5
conftest.c:54:10: fatal error: 'linux/soundcard.h' file not found
#include <linux/soundcard.h>
         ^
1 error generated.
configure:10872: $? = 1
configure: failed program was:
| /* confdefs.h */
| #define PACKAGE_NAME ""
| #define PACKAGE_TARNAME ""
| #define PACKAGE_VERSION ""
| #define PACKAGE_STRING ""
| #define PACKAGE_BUGREPORT ""
| #define PACKAGE_URL ""
| #define STDC_HEADERS 1
| #define HAVE_SYS_TYPES_H 1
| #define HAVE_SYS_STAT_H 1
| #define HAVE_STDLIB_H 1
| #define HAVE_STRING_H 1
| #define HAVE_MEMORY_H 1
| #define HAVE_STRINGS_H 1
| #define HAVE_INTTYPES_H 1
| #define HAVE_STDINT_H 1
| #define HAVE_UNISTD_H 1
| #define HAVE_DLFCN_H 1
| #define LT_OBJDIR ".libs/"
| /* end confdefs.h.  */
| #include <stdio.h>
| #ifdef HAVE_SYS_TYPES_H
| # include <sys/types.h>
| #endif
| #ifdef HAVE_SYS_STAT_H
| # include <sys/stat.h>
| #endif
| #ifdef STDC_HEADERS
| # include <stdlib.h>
| # include <stddef.h>
| #else
| # ifdef HAVE_STDLIB_H
| #  include <stdlib.h>
| # endif
| #endif
| #ifdef HAVE_STRING_H
| # if !defined STDC_HEADERS && defined HAVE_MEMORY_H
| #  include <memory.h>
| # endif
| # include <string.h>
| #endif
| #ifdef HAVE_STRINGS_H
| # include <strings.h>
| #endif
| #ifdef HAVE_INTTYPES_H
| # include <inttypes.h>
| #endif
| #ifdef HAVE_STDINT_H
| # include <stdint.h>
| #endif
| #ifdef HAVE_UNISTD_H
| # include <unistd.h>
| #endif
| #include <linux/soundcard.h>
configure:10872: result: no
configure:10872: checking linux/soundcard.h presence
configure:10872: gcc -E  conftest.c
conftest.c:21:10: fatal error: 'linux/soundcard.h' file not found
#include <linux/soundcard.h>
         ^
1 error generated.
configure:10872: $? = 1
configure: failed program was:
| /* confdefs.h */
| #define PACKAGE_NAME ""
| #define PACKAGE_TARNAME ""
| #define PACKAGE_VERSION ""
| #define PACKAGE_STRING ""
| #define PACKAGE_BUGREPORT ""
| #define PACKAGE_URL ""
| #define STDC_HEADERS 1
| #define HAVE_SYS_TYPES_H 1
| #define HAVE_SYS_STAT_H 1
| #define HAVE_STDLIB_H 1
| #define HAVE_STRING_H 1
| #define HAVE_MEMORY_H 1
| #define HAVE_STRINGS_H 1
| #define HAVE_INTTYPES_H 1
| #define HAVE_STDINT_H 1
| #define HAVE_UNISTD_H 1
| #define HAVE_DLFCN_H 1
| #define LT_OBJDIR ".libs/"
| /* end confdefs.h.  */
| #include <linux/soundcard.h>
configure:10872: result: no
configure:10872: checking for linux/soundcard.h
configure:10872: result: no
configure:10872: checking machine/soundcard.h usability
configure:10872: gcc -c -g -O2  conftest.c >&5
conftest.c:54:10: fatal error: 'machine/soundcard.h' file not found
#include <machine/soundcard.h>
         ^
1 error generated.
configure:10872: $? = 1
configure: failed program was:
| /* confdefs.h */
| #define PACKAGE_NAME ""
| #define PACKAGE_TARNAME ""
| #define PACKAGE_VERSION ""
| #define PACKAGE_STRING ""
| #define PACKAGE_BUGREPORT ""
| #define PACKAGE_URL ""
| #define STDC_HEADERS 1
| #define HAVE_SYS_TYPES_H 1
| #define HAVE_SYS_STAT_H 1
| #define HAVE_STDLIB_H 1
| #define HAVE_STRING_H 1
| #define HAVE_MEMORY_H 1
| #define HAVE_STRINGS_H 1
| #define HAVE_INTTYPES_H 1
| #define HAVE_STDINT_H 1
| #define HAVE_UNISTD_H 1
| #define HAVE_DLFCN_H 1
| #define LT_OBJDIR ".libs/"
| /* end confdefs.h.  */
| #include <stdio.h>
| #ifdef HAVE_SYS_TYPES_H
| # include <sys/types.h>
| #endif
| #ifdef HAVE_SYS_STAT_H
| # include <sys/stat.h>
| #endif
| #ifdef STDC_HEADERS
| # include <stdlib.h>
| # include <stddef.h>
| #else
| # ifdef HAVE_STDLIB_H
| #  include <stdlib.h>
| # endif
| #endif
| #ifdef HAVE_STRING_H
| # if !defined STDC_HEADERS && defined HAVE_MEMORY_H
| #  include <memory.h>
| # endif
| # include <string.h>
| #endif
| #ifdef HAVE_STRINGS_H
| # include <strings.h>
| #endif
| #ifdef HAVE_INTTYPES_H
| # include <inttypes.h>
| #endif
| #ifdef HAVE_STDINT_H
| # include <stdint.h>
| #endif
| #ifdef HAVE_UNISTD_H
| # include <unistd.h>
| #endif
| #include <machine/soundcard.h>
configure:10872: result: no
configure:10872: checking machine/soundcard.h presence
configure:10872: gcc -E  conftest.c
conftest.c:21:10: fatal error: 'machine/soundcard.h' file not found
#include <machine/soundcard.h>
         ^
1 error generated.
configure:10872: $? = 1
configure: failed program was:
| /* confdefs.h */
| #define PACKAGE_NAME ""
| #define PACKAGE_TARNAME ""
| #define PACKAGE_VERSION ""
| #define PACKAGE_STRING ""
| #define PACKAGE_BUGREPORT ""
| #define PACKAGE_URL ""
| #define STDC_HEADERS 1
| #define HAVE_SYS_TYPES_H 1
| #define HAVE_SYS_STAT_H 1
| #define HAVE_STDLIB_H 1
| #define HAVE_STRING_H 1
| #define HAVE_MEMORY_H 1
| #define HAVE_STRINGS_H 1
| #define HAVE_INTTYPES_H 1
| #define HAVE_STDINT_H 1
| #define HAVE_UNISTD_H 1
| #define HAVE_DLFCN_H 1
| #define LT_OBJDIR ".libs/"
| /* end confdefs.h.  */
| #include <machine/soundcard.h>
configure:10872: result: no
configure:10872: checking for machine/soundcard.h
configure:10872: result: no
configure:10982: checking for pkg-config
configure:11015: result: no
configure:11050: checking for JACK
configure:11107: result: no
configure:11125: checking size of short
configure:11130: gcc -o conftest -g -O2   conftest.c  >&5
configure:11130: $? = 0
configure:11130: ./conftest
configure:11130: $? = 0
configure:11144: result: 2
configure:11158: checking size of int
configure:11163: gcc -o conftest -g -O2   conftest.c  >&5
configure:11163: $? = 0
configure:11163: ./conftest
configure:11163: $? = 0
configure:11177: result: 4
configure:11191: checking size of long
configure:11196: gcc -o conftest -g -O2   conftest.c  >&5
configure:11196: $? = 0
configure:11196: ./conftest
configure:11196: $? = 0
configure:11210: result: 8
configure:11222: checking for clock_gettime in -lrt
configure:11247: gcc -o conftest -g -O2   conftest.c -lrt   >&5
ld: library not found for -lrt
clang: error: linker command failed with exit code 1 (use -v to see invocation)
configure:11247: $? = 1
configure: failed program was:
| /* confdefs.h */
| #define PACKAGE_NAME ""
| #define PACKAGE_TARNAME ""
| #define PACKAGE_VERSION ""
| #define PACKAGE_STRING ""
| #define PACKAGE_BUGREPORT ""
| #define PACKAGE_URL ""
| #define STDC_HEADERS 1
| #define HAVE_SYS_TYPES_H 1
| #define HAVE_SYS_STAT_H 1
| #define HAVE_STDLIB_H 1
| #define HAVE_STRING_H 1
| #define HAVE_MEMORY_H 1
| #define HAVE_STRINGS_H 1
| #define HAVE_INTTYPES_H 1
| #define HAVE_STDINT_H 1
| #define HAVE_UNISTD_H 1
| #define HAVE_DLFCN_H 1
| #define LT_OBJDIR ".libs/"
| #define SIZEOF_SHORT 2
| #define SIZEOF_INT 4
| #define SIZEOF_LONG 8
| /* end confdefs.h.  */
| 
| /* Override any GCC internal prototype to avoid an error.
|    Use char because int might match the return type of a GCC
|    builtin and then its argument prototype would still apply.  */
| #ifdef __cplusplus
| extern "C"
| #endif
| char clock_gettime ();
| int
| main ()
| {
| return clock_gettime ();
|   ;
|   return 0;
| }
configure:11256: result: no
configure:11267: checking for clock_gettime
configure:11267: gcc -o conftest -g -O2   conftest.c  >&5
Undefined symbols for architecture x86_64:
  "_clock_gettime", referenced from:
      _main in conftest-4380b8.o
ld: symbol(s) not found for architecture x86_64
clang: error: linker command failed with exit code 1 (use -v to see invocation)
configure:11267: $? = 1
configure: failed program was:
| /* confdefs.h */
| #define PACKAGE_NAME ""
| #define PACKAGE_TARNAME ""
| #define PACKAGE_VERSION ""
| #define PACKAGE_STRING ""
| #define PACKAGE_BUGREPORT ""
| #define PACKAGE_URL ""
| #define STDC_HEADERS 1
| #define HAVE_SYS_TYPES_H 1
| #define HAVE_SYS_STAT_H 1
| #define HAVE_STDLIB_H 1
| #define HAVE_STRING_H 1
| #define HAVE_MEMORY_H 1
| #define HAVE_STRINGS_H 1
| #define HAVE_INTTYPES_H 1
| #define HAVE_STDINT_H 1
| #define HAVE_UNISTD_H 1
| #define HAVE_DLFCN_H 1
| #define LT_OBJDIR ".libs/"
| #define SIZEOF_SHORT 2
| #define SIZEOF_INT 4
| #define SIZEOF_LONG 8
| /* end confdefs.h.  */
| /* Define clock_gettime to an innocuous variant, in case <limits.h> declares clock_gettime.
|    For example, HP-UX 11i <limits.h> declares gettimeofday.  */
| #define clock_gettime innocuous_clock_gettime
| 
| /* System header to define __stub macros and hopefully few prototypes,
|     which can conflict with char clock_gettime (); below.
|     Prefer <limits.h> to <assert.h> if __STDC__ is defined, since
|     <limits.h> exists even on freestanding compilers.  */
| 
| #ifdef __STDC__
| # include <limits.h>
| #else
| # include <assert.h>
| #endif
| 
| #undef clock_gettime
| 
| /* Override any GCC internal prototype to avoid an error.
|    Use char because int might match the return type of a GCC
|    builtin and then its argument prototype would still apply.  */
| #ifdef __cplusplus
| extern "C"
| #endif
| char clock_gettime ();
| /* The GNU C library defines this for functions which it implements
|     to always fail with ENOSYS.  Some functions are actually named
|     something starting with __ and the normal name is an alias.  */
| #if defined __stub_clock_gettime || defined __stub___clock_gettime
| choke me
| #endif
| 
| int
| main ()
| {
| return clock_gettime ();
|   ;
|   return 0;
| }
configure:11267: result: no
configure:11267: checking for nanosleep
configure:11267: gcc -o conftest -g -O2   conftest.c  >&5
configure:11267: $? = 0
configure:11267: result: yes
configure:11834: creating ./config.status

## ---------------------- ##
## Running config.status. ##
## ---------------------- ##

This file was extended by config.status, which was
generated by GNU Autoconf 2.67.  Invocation command line was

  CONFIG_FILES    = 
  CONFIG_HEADERS  = 
  CONFIG_LINKS    = 
  CONFIG_COMMANDS = 
  $ ./config.status 

on c-223-60.eduroam.liu.se

config.status:988: creating Makefile
config.status:988: creating portaudio-2.0.pc
config.status:1153: executing libtool commands
configure:13918: result:
Configuration summary:

  Target ...................... x86_64-apple-darwin14.5.0
  C++ bindings ................ no
  Debug output ................ no
configure:13959: result:
  Mac debug flags ............. no


## ---------------- ##
## Cache variables. ##
## ---------------- ##

ac_cv_build=x86_64-apple-darwin14.5.0
ac_cv_c_bigendian=no
ac_cv_c_compiler_gnu=yes
ac_cv_env_CC_set=
ac_cv_env_CC_value=
ac_cv_env_CFLAGS_set=
ac_cv_env_CFLAGS_value=
ac_cv_env_CPPFLAGS_set=
ac_cv_env_CPPFLAGS_value=
ac_cv_env_CPP_set=
ac_cv_env_CPP_value=
ac_cv_env_JACK_CFLAGS_set=
ac_cv_env_JACK_CFLAGS_value=
ac_cv_env_JACK_LIBS_set=
ac_cv_env_JACK_LIBS_value=
ac_cv_env_LDFLAGS_set=
ac_cv_env_LDFLAGS_value=
ac_cv_env_LIBS_set=
ac_cv_env_LIBS_value=
ac_cv_env_PKG_CONFIG_LIBDIR_set=
ac_cv_env_PKG_CONFIG_LIBDIR_value=
ac_cv_env_PKG_CONFIG_PATH_set=
ac_cv_env_PKG_CONFIG_PATH_value=
ac_cv_env_PKG_CONFIG_set=
ac_cv_env_PKG_CONFIG_value=
ac_cv_env_build_alias_set=
ac_cv_env_build_alias_value=
ac_cv_env_host_alias_set=
ac_cv_env_host_alias_value=
ac_cv_env_target_alias_set=
ac_cv_env_target_alias_value=
ac_cv_func_clock_gettime=no
ac_cv_func_nanosleep=yes
ac_cv_header_dlfcn_h=yes
ac_cv_header_inttypes_h=yes
ac_cv_header_linux_soundcard_h=no
ac_cv_header_machine_soundcard_h=no
ac_cv_header_memory_h=yes
ac_cv_header_stdc=yes
ac_cv_header_stdint_h=yes
ac_cv_header_stdlib_h=yes
ac_cv_header_string_h=yes
ac_cv_header_strings_h=yes
ac_cv_header_sys_soundcard_h=no
ac_cv_header_sys_stat_h=yes
ac_cv_header_sys_types_h=yes
ac_cv_header_unistd_h=yes
ac_cv_host=x86_64-apple-darwin14.5.0
ac_cv_lib_asound_snd_pcm_open=no
ac_cv_lib_hpi_HPI_SubSysCreate=no
ac_cv_lib_rt_clock_gettime=no
ac_cv_objext=o
ac_cv_path_AR=/usr/bin/ar
ac_cv_path_EGREP='/usr/bin/grep -E'
ac_cv_path_FGREP='/usr/bin/grep -F'
ac_cv_path_GREP=/usr/bin/grep
ac_cv_path_SED=/usr/bin/sed
ac_cv_path_install='/usr/bin/install -c'
ac_cv_prog_CPP='gcc -E'
ac_cv_prog_ac_ct_AR=ar
ac_cv_prog_ac_ct_CC=gcc
ac_cv_prog_ac_ct_DSYMUTIL=dsymutil
ac_cv_prog_ac_ct_LIPO=lipo
ac_cv_prog_ac_ct_NMEDIT=nmedit
ac_cv_prog_ac_ct_OBJDUMP=objdump
ac_cv_prog_ac_ct_OTOOL=otool
ac_cv_prog_ac_ct_RANLIB=ranlib
ac_cv_prog_ac_ct_STRIP=strip
ac_cv_prog_cc_c89=
ac_cv_prog_cc_g=yes
ac_cv_sizeof_int=4
ac_cv_sizeof_long=8
ac_cv_sizeof_short=2
ac_cv_target=x86_64-apple-darwin14.5.0
lt_cv_apple_cc_single_mod=yes
lt_cv_deplibs_check_method=pass_all
lt_cv_file_magic_cmd='$MAGIC_CMD'
lt_cv_file_magic_test_file=
lt_cv_ld_exported_symbols_list=yes
lt_cv_ld_reload_flag=-r
lt_cv_nm_interface='BSD nm'
lt_cv_objdir=.libs
lt_cv_path_LD=/Applications/Xcode.app/Contents/Developer/Toolchains/XcodeDefault.xctoolchain/usr/bin/ld
lt_cv_path_NM=/usr/bin/nm
lt_cv_prog_compiler_c_o=yes
lt_cv_prog_compiler_pic_works=yes
lt_cv_prog_compiler_rtti_exceptions=yes
lt_cv_prog_compiler_static_works=no
lt_cv_prog_gnu_ld=no
lt_cv_sys_global_symbol_pipe='sed -n -e '\''s/^.*[	 ]\([BCDEGRST][BCDEGRST]*\)[	 ][	 ]*_\([_A-Za-z][_A-Za-z0-9]*\)$/\1 _\2 \2/p'\'''
lt_cv_sys_global_symbol_to_c_name_address='sed -n -e '\''s/^: \([^ ]*\) $/  {\"\1\", (void *) 0},/p'\'' -e '\''s/^[BCDEGRST]* \([^ ]*\) \([^ ]*\)$/  {"\2", (void *) \&\2},/p'\'''
lt_cv_sys_global_symbol_to_c_name_address_lib_prefix='sed -n -e '\''s/^: \([^ ]*\) $/  {\"\1\", (void *) 0},/p'\'' -e '\''s/^[BCDEGRST]* \([^ ]*\) \(lib[^ ]*\)$/  {"\2", (void *) \&\2},/p'\'' -e '\''s/^[BCDEGRST]* \([^ ]*\) \([^ ]*\)$/  {"lib\2", (void *) \&\2},/p'\'''
lt_cv_sys_global_symbol_to_cdecl='sed -n -e '\''s/^T .* \(.*\)$/extern int \1();/p'\'' -e '\''s/^[BCDEGRST]* .* \(.*\)$/extern char \1;/p'\'''
lt_cv_sys_max_cmd_len=196608

## ----------------- ##
## Output variables. ##
## ----------------- ##

AR='/usr/bin/ar'
AS='as'
CC='gcc'
CFLAGS='-std=c99 -O2 -Wall -pedantic -pipe -fPIC -DNDEBUG -DPA_LITTLE_ENDIAN -Werror -arch i386 -arch ppc -isysroot /Developer/SDKs/MacOSX10.4u.sdk -mmacosx-version-min=10.3 '
CPP='gcc -E'
CPPFLAGS=''
CXXFLAGS=''
DEFS='-DPACKAGE_NAME=\"\" -DPACKAGE_TARNAME=\"\" -DPACKAGE_VERSION=\"\" -DPACKAGE_STRING=\"\" -DPACKAGE_BUGREPORT=\"\" -DPACKAGE_URL=\"\" -DSTDC_HEADERS=1 -DHAVE_SYS_TYPES_H=1 -DHAVE_SYS_STAT_H=1 -DHAVE_STDLIB_H=1 -DHAVE_STRING_H=1 -DHAVE_MEMORY_H=1 -DHAVE_STRINGS_H=1 -DHAVE_INTTYPES_H=1 -DHAVE_STDINT_H=1 -DHAVE_UNISTD_H=1 -DHAVE_DLFCN_H=1 -DLT_OBJDIR=\".libs/\" -DSIZEOF_SHORT=2 -DSIZEOF_INT=4 -DSIZEOF_LONG=8 -DHAVE_NANOSLEEP=1 -DPA_USE_COREAUDIO=1'
DLLTOOL='dlltool'
DLL_LIBS=''
DSYMUTIL='dsymutil'
DUMPBIN=''
ECHO_C='\c'
ECHO_N=''
ECHO_T=''
EGREP='/usr/bin/grep -E'
ENABLE_CXX_FALSE=''
ENABLE_CXX_TRUE='#'
EXEEXT=''
FGREP='/usr/bin/grep -F'
GREP='/usr/bin/grep'
INCLUDES='portaudio.h'
INSTALL_DATA='${INSTALL} -m 644'
INSTALL_PROGRAM='${INSTALL}'
INSTALL_SCRIPT='${INSTALL}'
JACK_CFLAGS=''
JACK_LIBS=''
LD='/Applications/Xcode.app/Contents/Developer/Toolchains/XcodeDefault.xctoolchain/usr/bin/ld'
LDFLAGS=''
LIBOBJS=''
LIBS='-framework CoreAudio -framework AudioToolbox -framework AudioUnit -framework Carbon'
LIBTOOL='$(SHELL) $(top_builddir)/libtool'
LIPO='lipo'
LN_S='ln -s'
LTLIBOBJS=''
LT_AGE='0'
LT_CURRENT='2'
LT_REVISION='0'
NASM=''
NASMOPT=''
NM='/usr/bin/nm'
NMEDIT='nmedit'
OBJDUMP='objdump'
OBJEXT='o'
OTHER_OBJS='src/os/unix/pa_unix_hostapis.o src/os/unix/pa_unix_util.o src/hostapi/coreaudio/pa_mac_core.o src/hostapi/coreaudio/pa_mac_core_utilities.o src/hostapi/coreaudio/pa_mac_core_blocking.o src/common/pa_ringbuffer.o'
OTOOL64=':'
OTOOL='otool'
PACKAGE_BUGREPORT=''
PACKAGE_NAME=''
PACKAGE_STRING=''
PACKAGE_TARNAME=''
PACKAGE_URL=''
PACKAGE_VERSION=''
PADLL='libportaudio.dylib'
PATH_SEPARATOR=':'
PKG_CONFIG=''
PKG_CONFIG_LIBDIR=''
PKG_CONFIG_PATH=''
RANLIB='ranlib'
SED='/usr/bin/sed'
SHARED_FLAGS='-framework CoreAudio -framework AudioToolbox -framework AudioUnit -framework Carbon -dynamiclib -arch i386 -arch ppc -isysroot /Developer/SDKs/MacOSX10.4u.sdk -mmacosx-version-min=10.3'
SHELL='/bin/sh'
STRIP='strip'
THREAD_CFLAGS=''
WITH_ASIO_FALSE=''
WITH_ASIO_TRUE='@ #'
ac_ct_CC='gcc'
ac_ct_DUMPBIN=''
bindir='${exec_prefix}/bin'
build='x86_64-apple-darwin14.5.0'
build_alias=''
build_cpu='x86_64'
build_os='darwin14.5.0'
build_vendor='apple'
datadir='${datarootdir}'
datarootdir='${prefix}/share'
docdir='${datarootdir}/doc/${PACKAGE}'
dvidir='${docdir}'
exec_prefix='${prefix}'
host='x86_64-apple-darwin14.5.0'
host_alias=''
host_cpu='x86_64'
host_os='darwin14.5.0'
host_vendor='apple'
htmldir='${docdir}'
includedir='${prefix}/include'
infodir='${datarootdir}/info'
libdir='${exec_prefix}/lib'
libexecdir='${exec_prefix}/libexec'
localedir='${datarootdir}/locale'
localstatedir='${prefix}/var'
lt_ECHO='/bin/echo'
mandir='${datarootdir}/man'
oldincludedir='/usr/include'
pdfdir='${docdir}'
prefix='/usr/local'
program_transform_name='s,x,x,'
psdir='${docdir}'
sbindir='${exec_prefix}/sbin'
sharedstatedir='${prefix}/com'
subdirs=''
sysconfdir='${prefix}/etc'
target='x86_64-apple-darwin14.5.0'
target_alias=''
target_cpu='x86_64'
target_os='darwin14.5.0'
target_vendor='apple'

## ----------- ##
## confdefs.h. ##
## ----------- ##

/* confdefs.h */
#define PACKAGE_NAME ""
#define PACKAGE_TARNAME ""
#define PACKAGE_VERSION ""
#define PACKAGE_STRING ""
#define PACKAGE_BUGREPORT ""
#define PACKAGE_URL ""
#define STDC_HEADERS 1
#define HAVE_SYS_TYPES_H 1
#define HAVE_SYS_STAT_H 1
#define HAVE_STDLIB_H 1
#define HAVE_STRING_H 1
#define HAVE_MEMORY_H 1
#define HAVE_STRINGS_H 1
#define HAVE_INTTYPES_H 1
#define HAVE_STDINT_H 1
#define HAVE_UNISTD_H 1
#define HAVE_DLFCN_H 1
#define LT_OBJDIR ".libs/"
#define SIZEOF_SHORT 2
#define SIZEOF_INT 4
#define SIZEOF_LONG 8
#define HAVE_NANOSLEEP 1
#define PA_USE_COREAUDIO 1

configure: exit 0
